<?xml version="1.0" encoding="UTF-8"?>
<!-- Generated by org.testng.reporters.JUnitReportReporter -->
<testsuite hostname="WJLP-1890" failures="0" tests="2" name="LoginOperation" time="7.430" errors="0" timestamp="25 Sep 2022 12:12:45 GMT" skipped="0">
  <testcase classname="LoginOperation" name="ClickonMemebersLoginLink" time="7.430"/>
  <testcase classname="LoginOperation" name="validatehomePageHeading" time="0.000"/>
</testsuite> <!-- LoginOperation -->
